<?xml version="1.0" encoding="utf-8"?>
<TestRun id="74634f4c-1c53-429f-a598-563f07ba160d" name="USE2DEVP00496$@USE2DEVP00496 2021-11-09 18:20:08" runUser="NT AUTHORITY\SYSTEM" xmlns="http://microsoft.com/schemas/VisualStudio/TeamTest/2010">
  <Times creation="2021-11-09T18:20:08.9246281+05:30" queuing="2021-11-09T18:20:08.9246281+05:30" start="2021-11-09T18:19:43.9511703+05:30" finish="2021-11-09T18:20:45.3632947+05:30" />
  <TestSettings name="default" id="71651e12-a238-4e6e-a576-8de0b04e1c02">
    <Deployment runDeploymentRoot="USE2DEVP00496$_USE2DEVP00496_2021-11-09_18_20_08" />
  </TestSettings>
  <Results>
    <UnitTestResult executionId="af78fc86-9ce7-4a85-b16c-2ee2867f41f7" testId="9a5f3723-a3e2-02e0-b83f-6bdfb6ebb17d" testName="Login within multiple users, Sravankumar1719@gmail.com" computerName="USE2DEVP00496" duration="00:00:16.0693887" startTime="2021-11-09T18:19:52.7784630+05:30" endTime="2021-11-09T18:20:08.8478517+05:30" testType="13cdc9d9-ddb5-4fa4-a97d-d965ccfc6d4b" outcome="Passed" testListId="8c84fa94-04c1-424b-9868-57a2d4851a1d" relativeResultsDirectory="af78fc86-9ce7-4a85-b16c-2ee2867f41f7">
      <Output>
        <StdOut>-&gt; -&gt; Loading plugin C:\BDDFramework\SpecFlowCalculator.Specs\bin\Debug\netcoreapp3.1\SpecFlowCalculator.Specs.dll&#xD;
-&gt; -&gt; Missing [assembly:RuntimePlugin] attribute in SpecFlowCalculator.Specs, Version=1.0.0.0, Culture=neutral, PublicKeyToken=null. Please check https://go.specflow.org/doc-plugins for details.&#xD;
-&gt; -&gt; Loading plugin C:\BDDFramework\SpecFlowCalculator.Specs\bin\Debug\netcoreapp3.1\LivingDoc.SpecFlowPlugin.dll&#xD;
-&gt; -&gt; Loading plugin C:\BDDFramework\SpecFlowCalculator.Specs\bin\Debug\netcoreapp3.1\SpecRun.Runtime.SpecFlowPlugin.dll&#xD;
-&gt; -&gt; Using default config&#xD;
&#xD;
&#xD;
-&gt; Before Feature&#xD;
&#xD;
Given I open BrowserStack sign in page&#xD;
-&gt; done: CalculatorStepDefinitions.GivenIOpenBrowserStackSignInPage() (2.6s)&#xD;
&#xD;
Given I enter valid email 'Sravankumar1719@gmail.com'&#xD;
-&gt; done: CalculatorStepDefinitions.GivenIEnterValidEmail("Sravankumar1719@g...") (0.7s)&#xD;
&#xD;
And I enter valid password 'Sravan@17'&#xD;
-&gt; done: CalculatorStepDefinitions.GivenIEnterValidPassword("Sravan@17") (0.1s)&#xD;
&#xD;
When I click on Sign in&#xD;
-&gt; done: CalculatorStepDefinitions.WhenIClickOnSignIn() (0.2s)&#xD;
&#xD;
Then I should be logged into BrowserStack page&#xD;
-&gt; done: CalculatorStepDefinitions.ThenIShouldBeLoggedIntoBrowserStackPage() (7.9s)</StdOut>
      </Output>
    </UnitTestResult>
    <UnitTestResult executionId="2c727cec-1923-43aa-94d5-d31311c114ff" testId="6a15054e-7894-fd8e-57f8-882e6c17046f" testName="Login within multiple users, tulasikasarapu001@gmail.com" computerName="USE2DEVP00496" duration="00:00:12.0614131" startTime="2021-11-09T18:20:08.8525363+05:30" endTime="2021-11-09T18:20:20.9139494+05:30" testType="13cdc9d9-ddb5-4fa4-a97d-d965ccfc6d4b" outcome="Passed" testListId="8c84fa94-04c1-424b-9868-57a2d4851a1d" relativeResultsDirectory="2c727cec-1923-43aa-94d5-d31311c114ff">
      <Output>
        <StdOut>Given I open BrowserStack sign in page&#xD;
-&gt; done: CalculatorStepDefinitions.GivenIOpenBrowserStackSignInPage() (2.3s)&#xD;
&#xD;
Given I enter valid email 'tulasikasarapu001@gmail.com'&#xD;
-&gt; done: CalculatorStepDefinitions.GivenIEnterValidEmail("tulasikasarapu001...") (0.8s)&#xD;
&#xD;
And I enter valid password 'Sweety@26'&#xD;
-&gt; done: CalculatorStepDefinitions.GivenIEnterValidPassword("Sweety@26") (0.2s)&#xD;
&#xD;
When I click on Sign in&#xD;
-&gt; done: CalculatorStepDefinitions.WhenIClickOnSignIn() (0.3s)&#xD;
&#xD;
Then I should be logged into BrowserStack page&#xD;
-&gt; done: CalculatorStepDefinitions.ThenIShouldBeLoggedIntoBrowserStackPage() (5.2s)</StdOut>
      </Output>
    </UnitTestResult>
    <UnitTestResult executionId="e8a3b3fd-84fb-4e25-b488-b33ddbee359b" testId="e38dfe30-9171-b3be-2d71-a5b826547d48" testName="Login within multiple users, nagasanthi11@gmail.com" computerName="USE2DEVP00496" duration="00:00:12.5002484" startTime="2021-11-09T18:20:20.9161418+05:30" endTime="2021-11-09T18:20:33.4163902+05:30" testType="13cdc9d9-ddb5-4fa4-a97d-d965ccfc6d4b" outcome="Passed" testListId="8c84fa94-04c1-424b-9868-57a2d4851a1d" relativeResultsDirectory="e8a3b3fd-84fb-4e25-b488-b33ddbee359b">
      <Output>
        <StdOut>Given I open BrowserStack sign in page&#xD;
-&gt; done: CalculatorStepDefinitions.GivenIOpenBrowserStackSignInPage() (3.5s)&#xD;
&#xD;
Given I enter valid email 'nagasanthi11@gmail.com'&#xD;
-&gt; done: CalculatorStepDefinitions.GivenIEnterValidEmail("nagasanthi11@gmai...") (0.3s)&#xD;
&#xD;
And I enter valid password 'October2021'&#xD;
-&gt; done: CalculatorStepDefinitions.GivenIEnterValidPassword("October2021") (0.1s)&#xD;
&#xD;
When I click on Sign in&#xD;
-&gt; done: CalculatorStepDefinitions.WhenIClickOnSignIn() (0.3s)&#xD;
&#xD;
Then I should be logged into BrowserStack page&#xD;
-&gt; done: CalculatorStepDefinitions.ThenIShouldBeLoggedIntoBrowserStackPage() (4.1s)</StdOut>
      </Output>
    </UnitTestResult>
    <UnitTestResult executionId="3457cfd7-4ba4-44d5-a300-7e890f23c85a" testId="3126c0fa-8388-9386-4348-7a29ee1a9ad6" testName="Login with invalid credentials" computerName="USE2DEVP00496" duration="00:00:06.9659910" startTime="2021-11-09T18:20:33.4176981+05:30" endTime="2021-11-09T18:20:40.3836891+05:30" testType="13cdc9d9-ddb5-4fa4-a97d-d965ccfc6d4b" outcome="Passed" testListId="8c84fa94-04c1-424b-9868-57a2d4851a1d" relativeResultsDirectory="3457cfd7-4ba4-44d5-a300-7e890f23c85a">
      <Output>
        <StdOut>Given I open BrowserStack sign in page&#xD;
-&gt; done: CalculatorStepDefinitions.GivenIOpenBrowserStackSignInPage() (2.2s)&#xD;
&#xD;
Given I enter valid email 'nagasanthi11@gmail.com'&#xD;
-&gt; done: CalculatorStepDefinitions.GivenIEnterValidEmail("nagasanthi11@gmai...") (0.9s)&#xD;
&#xD;
And I enter invalid password 'October'&#xD;
-&gt; done: CalculatorStepDefinitions.GivenIEnterInvalidPassword("October") (0.1s)&#xD;
&#xD;
When I click on Sign in&#xD;
-&gt; done: CalculatorStepDefinitions.WhenIClickOnSignIn() (0.2s)&#xD;
&#xD;
Then user should not be logged in with an error message&#xD;
-&gt; done: CalculatorStepDefinitions.ThenUserShouldNotBeLoggedInWithAnErrorMessage() (0.7s)&#xD;
&#xD;
&#xD;
-&gt; After Feature</StdOut>
      </Output>
    </UnitTestResult>
  </Results>
  <TestDefinitions>
    <UnitTest name="Login with invalid credentials in BrowserStack" storage="c:\bddframework\specflowcalculator.specs\bin\debug\netcoreapp3.1\specflowcalculator.specs.dll" id="3126c0fa-8388-9386-4348-7a29ee1a9ad6">
      <Execution id="3457cfd7-4ba4-44d5-a300-7e890f23c85a" />
      <TestMethod codeBase="C:\BDDFramework\SpecFlowCalculator.Specs\bin\Debug\netcoreapp3.1\SpecFlowCalculator.Specs.dll" adapterTypeName="executor://specrun/executorV3.9.7" className="SpecFlowCalculator.Specs.BrowserStack.#()::TestAssembly:SpecFlowCalculator" name="Specs/Feature:BrowserStack/Scenario:Login+with+invalid+credentials" />
    </UnitTest>
    <UnitTest name="Login within multiple users, Sravankumar1719@gmail.com in BrowserStack" storage="c:\bddframework\specflowcalculator.specs\bin\debug\netcoreapp3.1\specflowcalculator.specs.dll" id="9a5f3723-a3e2-02e0-b83f-6bdfb6ebb17d">
      <Execution id="af78fc86-9ce7-4a85-b16c-2ee2867f41f7" />
      <TestMethod codeBase="C:\BDDFramework\SpecFlowCalculator.Specs\bin\Debug\netcoreapp3.1\SpecFlowCalculator.Specs.dll" adapterTypeName="executor://specrun/executorV3.9.7" className="SpecFlowCalculator.Specs.BrowserStack.#()::TestAssembly:SpecFlowCalculator.Specs/Feature:BrowserStack/Scenario:Login+within+multiple+users%2c+Sravankumar1719%40gmail" name="com" />
    </UnitTest>
    <UnitTest name="Login within multiple users, tulasikasarapu001@gmail.com in BrowserStack" storage="c:\bddframework\specflowcalculator.specs\bin\debug\netcoreapp3.1\specflowcalculator.specs.dll" id="6a15054e-7894-fd8e-57f8-882e6c17046f">
      <Execution id="2c727cec-1923-43aa-94d5-d31311c114ff" />
      <TestMethod codeBase="C:\BDDFramework\SpecFlowCalculator.Specs\bin\Debug\netcoreapp3.1\SpecFlowCalculator.Specs.dll" adapterTypeName="executor://specrun/executorV3.9.7" className="SpecFlowCalculator.Specs.BrowserStack.#()::TestAssembly:SpecFlowCalculator.Specs/Feature:BrowserStack/Scenario:Login+within+multiple+users%2c+tulasikasarapu001%40gmail" name="com" />
    </UnitTest>
    <UnitTest name="Login within multiple users, nagasanthi11@gmail.com in BrowserStack" storage="c:\bddframework\specflowcalculator.specs\bin\debug\netcoreapp3.1\specflowcalculator.specs.dll" id="e38dfe30-9171-b3be-2d71-a5b826547d48">
      <Execution id="e8a3b3fd-84fb-4e25-b488-b33ddbee359b" />
      <TestMethod codeBase="C:\BDDFramework\SpecFlowCalculator.Specs\bin\Debug\netcoreapp3.1\SpecFlowCalculator.Specs.dll" adapterTypeName="executor://specrun/executorV3.9.7" className="SpecFlowCalculator.Specs.BrowserStack.#()::TestAssembly:SpecFlowCalculator.Specs/Feature:BrowserStack/Scenario:Login+within+multiple+users%2c+nagasanthi11%40gmail" name="com" />
    </UnitTest>
  </TestDefinitions>
  <TestEntries>
    <TestEntry testId="9a5f3723-a3e2-02e0-b83f-6bdfb6ebb17d" executionId="af78fc86-9ce7-4a85-b16c-2ee2867f41f7" testListId="8c84fa94-04c1-424b-9868-57a2d4851a1d" />
    <TestEntry testId="6a15054e-7894-fd8e-57f8-882e6c17046f" executionId="2c727cec-1923-43aa-94d5-d31311c114ff" testListId="8c84fa94-04c1-424b-9868-57a2d4851a1d" />
    <TestEntry testId="e38dfe30-9171-b3be-2d71-a5b826547d48" executionId="e8a3b3fd-84fb-4e25-b488-b33ddbee359b" testListId="8c84fa94-04c1-424b-9868-57a2d4851a1d" />
    <TestEntry testId="3126c0fa-8388-9386-4348-7a29ee1a9ad6" executionId="3457cfd7-4ba4-44d5-a300-7e890f23c85a" testListId="8c84fa94-04c1-424b-9868-57a2d4851a1d" />
  </TestEntries>
  <TestLists>
    <TestList name="Results Not in a List" id="8c84fa94-04c1-424b-9868-57a2d4851a1d" />
    <TestList name="All Loaded Results" id="19431567-8539-422a-85d7-44ee4e166bda" />
  </TestLists>
  <ResultSummary outcome="Completed">
    <Counters total="4" executed="4" passed="4" failed="0" error="0" timeout="0" aborted="0" inconclusive="0" passedButRunAborted="0" notRunnable="0" notExecuted="0" disconnected="0" warning="0" completed="0" inProgress="0" pending="0" />
    <Output>
      <StdOut>SpecFlow+Runner execution started&#xD;
SpecFlow+Runner 3.9.7 in Framework netcore31 in x64 mode execution started&#xD;
TestAdapter Location: C:\BDDFramework\SpecFlowCalculator.Specs\bin\Debug\netcoreapp3.1\TechTalk.SpecRun.VisualStudio.TestAdapter.dll&#xD;
Current UserName: 'USE2DEVP00496$', MachineName: 'USE2DEVP00496'&#xD;
SpecRun: running tests in C:\BDDFramework\SpecFlowCalculator.Specs\bin\Debug\netcoreapp3.1\SpecFlowCalculator.Specs.dll&#xD;
Output folder configured to "C:\BDDFramework\TestResults" (default)&#xD;
Profile: &#xD;
Log file path: C:\BDDFramework\TestResults\Unnamed project__2021-11-09T181947.log&#xD;
Checking activation&#xD;
Activation check completed&#xD;
Starting test run&#xD;
Discovering target: Default&#xD;
Discovering tests from assembly: C:\BDDFramework\SpecFlowCalculator.Specs\bin\Debug\netcoreapp3.1\SpecFlowCalculator.Specs.dll&#xD;
Discovered tests from assembly: C:\BDDFramework\SpecFlowCalculator.Specs\bin\Debug\netcoreapp3.1\SpecFlowCalculator.Specs.dll&#xD;
Scenario: Login within multiple users, Sravankumar1719@gmail.com in BrowserStack -&gt; Succeeded on thread #0&#xD;
Scenario: Login within multiple users, tulasikasarapu001@gmail.com in BrowserStack -&gt; Succeeded on thread #0&#xD;
Scenario: Login within multiple users, nagasanthi11@gmail.com in BrowserStack -&gt; Succeeded on thread #0&#xD;
Scenario: Login with invalid credentials in BrowserStack -&gt; Succeeded on thread #0&#xD;
test run finished&#xD;
publishing test results&#xD;
Not publishing results.&#xD;
test results published&#xD;
generating reports&#xD;
Starting external report generation process&#xD;
Successfully generated reports.&#xD;
Successfully generated reports&#xD;
Result: all tests passed&#xD;
  Total: 4&#xD;
  Succeeded: 4&#xD;
  Ignored: 0&#xD;
  Pending: 0&#xD;
  Skipped: 0&#xD;
  Failed: 0&#xD;
&#xD;
  Execution Time: 00:00:52.3255600&#xD;
Report file: file:///C:/BDDFramework/TestResults/Unnamed%20project__2021-11-09T181947.html&#xD;
Adding attachments to VSTest&#xD;
adding Test Execution Report 'C:\BDDFramework\TestResults\Unnamed project__2021-11-09T181947.html'&#xD;
Log file: file:///C:/BDDFramework/TestResults/Unnamed%20project__2021-11-09T181947.log&#xD;
SpecFlow+Runner execution finished&#xD;
</StdOut>
    </Output>
    <ResultFiles>
      <ResultFile path="USE2DEVP00496\Unnamed project__2021-11-09T181947.log" />
      <ResultFile path="USE2DEVP00496\Unnamed project__2021-11-09T181947.html" />
    </ResultFiles>
  </ResultSummary>
</TestRun>